[2025-08-19 23:34:10Z INFO HostContext] No proxy settings were found based on environmental variables (http_proxy/https_proxy/HTTP_PROXY/HTTPS_PROXY)
[2025-08-19 23:34:10Z INFO HostContext] Well known directory 'Bin': 'D:\Documents\Unreal Projects\ProjectCats\actions-runner\bin'
[2025-08-19 23:34:10Z INFO HostContext] Well known directory 'Root': 'D:\Documents\Unreal Projects\ProjectCats\actions-runner'
[2025-08-19 23:34:10Z INFO HostContext] Well known config file 'Credentials': 'D:\Documents\Unreal Projects\ProjectCats\actions-runner\.credentials'
[2025-08-19 23:34:10Z INFO HostContext] Well known directory 'Bin': 'D:\Documents\Unreal Projects\ProjectCats\actions-runner\bin'
[2025-08-19 23:34:10Z INFO HostContext] Well known directory 'Root': 'D:\Documents\Unreal Projects\ProjectCats\actions-runner'
[2025-08-19 23:34:10Z INFO HostContext] Well known config file 'Runner': 'D:\Documents\Unreal Projects\ProjectCats\actions-runner\.runner'
[2025-08-19 23:34:10Z INFO Listener] Runner is built for Windows (X64) - win-x64.
[2025-08-19 23:34:10Z INFO Listener] RuntimeInformation: Microsoft Windows 10.0.19045.
[2025-08-19 23:34:10Z INFO Listener] Version: 2.328.0
[2025-08-19 23:34:10Z INFO Listener] Commit: 6f9a9110adce65f44ca6f7c0ae142b9cc6af937b
[2025-08-19 23:34:10Z INFO Listener] Culture: fr-FR
[2025-08-19 23:34:10Z INFO Listener] UI Culture: fr-FR
[2025-08-19 23:34:10Z INFO HostContext] Well known directory 'Bin': 'D:\Documents\Unreal Projects\ProjectCats\actions-runner\bin'
[2025-08-19 23:34:10Z INFO HostContext] Well known directory 'Root': 'D:\Documents\Unreal Projects\ProjectCats\actions-runner'
[2025-08-19 23:34:10Z INFO Listener] Validating directory permissions for: 'D:\Documents\Unreal Projects\ProjectCats\actions-runner'
[2025-08-19 23:34:10Z INFO CommandLineParser] Parse
[2025-08-19 23:34:10Z INFO CommandLineParser] Parsing 1 args
[2025-08-19 23:34:10Z INFO CommandLineParser] parsing argument
[2025-08-19 23:34:10Z INFO CommandLineParser] HasArgs: False
[2025-08-19 23:34:10Z INFO CommandLineParser] Adding Command: configure
[2025-08-19 23:34:10Z INFO Listener] Arguments parsed
[2025-08-19 23:34:10Z INFO Runner] ExecuteCommand
[2025-08-19 23:34:10Z INFO ConfigurationStore] currentAssemblyLocation: D:\Documents\Unreal Projects\ProjectCats\actions-runner\bin\Runner.Listener.dll
[2025-08-19 23:34:10Z INFO HostContext] Well known directory 'Bin': 'D:\Documents\Unreal Projects\ProjectCats\actions-runner\bin'
[2025-08-19 23:34:10Z INFO ConfigurationStore] binPath: D:\Documents\Unreal Projects\ProjectCats\actions-runner\bin
[2025-08-19 23:34:10Z INFO HostContext] Well known directory 'Bin': 'D:\Documents\Unreal Projects\ProjectCats\actions-runner\bin'
[2025-08-19 23:34:10Z INFO HostContext] Well known directory 'Root': 'D:\Documents\Unreal Projects\ProjectCats\actions-runner'
[2025-08-19 23:34:10Z INFO ConfigurationStore] RootFolder: D:\Documents\Unreal Projects\ProjectCats\actions-runner
[2025-08-19 23:34:10Z INFO HostContext] Well known directory 'Bin': 'D:\Documents\Unreal Projects\ProjectCats\actions-runner\bin'
[2025-08-19 23:34:10Z INFO HostContext] Well known directory 'Root': 'D:\Documents\Unreal Projects\ProjectCats\actions-runner'
[2025-08-19 23:34:10Z INFO HostContext] Well known config file 'Runner': 'D:\Documents\Unreal Projects\ProjectCats\actions-runner\.runner'
[2025-08-19 23:34:10Z INFO ConfigurationStore] ConfigFilePath: D:\Documents\Unreal Projects\ProjectCats\actions-runner\.runner
[2025-08-19 23:34:10Z INFO HostContext] Well known directory 'Bin': 'D:\Documents\Unreal Projects\ProjectCats\actions-runner\bin'
[2025-08-19 23:34:10Z INFO HostContext] Well known directory 'Root': 'D:\Documents\Unreal Projects\ProjectCats\actions-runner'
[2025-08-19 23:34:10Z INFO HostContext] Well known config file 'MigratedRunner': 'D:\Documents\Unreal Projects\ProjectCats\actions-runner\.runner_migrated'
[2025-08-19 23:34:10Z INFO ConfigurationStore] MigratedConfigFilePath: D:\Documents\Unreal Projects\ProjectCats\actions-runner\.runner_migrated
[2025-08-19 23:34:10Z INFO HostContext] Well known directory 'Bin': 'D:\Documents\Unreal Projects\ProjectCats\actions-runner\bin'
[2025-08-19 23:34:10Z INFO HostContext] Well known directory 'Root': 'D:\Documents\Unreal Projects\ProjectCats\actions-runner'
[2025-08-19 23:34:10Z INFO HostContext] Well known config file 'Credentials': 'D:\Documents\Unreal Projects\ProjectCats\actions-runner\.credentials'
[2025-08-19 23:34:10Z INFO ConfigurationStore] CredFilePath: D:\Documents\Unreal Projects\ProjectCats\actions-runner\.credentials
[2025-08-19 23:34:10Z INFO HostContext] Well known directory 'Bin': 'D:\Documents\Unreal Projects\ProjectCats\actions-runner\bin'
[2025-08-19 23:34:10Z INFO HostContext] Well known directory 'Root': 'D:\Documents\Unreal Projects\ProjectCats\actions-runner'
[2025-08-19 23:34:10Z INFO HostContext] Well known config file 'MigratedCredentials': 'D:\Documents\Unreal Projects\ProjectCats\actions-runner\.credentials_migrated'
[2025-08-19 23:34:10Z INFO ConfigurationStore] MigratedCredFilePath: D:\Documents\Unreal Projects\ProjectCats\actions-runner\.credentials_migrated
[2025-08-19 23:34:10Z INFO HostContext] Well known directory 'Bin': 'D:\Documents\Unreal Projects\ProjectCats\actions-runner\bin'
[2025-08-19 23:34:10Z INFO HostContext] Well known directory 'Root': 'D:\Documents\Unreal Projects\ProjectCats\actions-runner'
[2025-08-19 23:34:10Z INFO HostContext] Well known config file 'Service': 'D:\Documents\Unreal Projects\ProjectCats\actions-runner\.service'
[2025-08-19 23:34:10Z INFO ConfigurationStore] ServiceConfigFilePath: D:\Documents\Unreal Projects\ProjectCats\actions-runner\.service
[2025-08-19 23:34:10Z INFO CommandSettings] Flag 'help': 'False'
[2025-08-19 23:34:10Z INFO CommandSettings] Flag 'version': 'False'
[2025-08-19 23:34:10Z INFO CommandSettings] Flag 'commit': 'False'
[2025-08-19 23:34:10Z INFO CommandSettings] Flag 'check': 'False'
[2025-08-19 23:34:10Z INFO CommandSettings] Command 'configure': 'True'
[2025-08-19 23:34:10Z INFO Terminal] WRITE LINE: 
[2025-08-19 23:34:10Z INFO Terminal] WRITE LINE: --------------------------------------------------------------------------------
[2025-08-19 23:34:10Z INFO Terminal] WRITE LINE: |        ____ _ _   _   _       _          _        _   _                      |
[2025-08-19 23:34:10Z INFO Terminal] WRITE LINE: |       / ___(_) |_| | | |_   _| |__      / \   ___| |_(_) ___  _ __  ___      |
[2025-08-19 23:34:10Z INFO Terminal] WRITE LINE: |      | |  _| | __| |_| | | | | '_ \    / _ \ / __| __| |/ _ \| '_ \/ __|     |
[2025-08-19 23:34:10Z INFO Terminal] WRITE LINE: |      | |_| | | |_|  _  | |_| | |_) |  / ___ \ (__| |_| | (_) | | | \__ \     |
[2025-08-19 23:34:10Z INFO Terminal] WRITE LINE: |       \____|_|\__|_| |_|\__,_|_.__/  /_/   \_\___|\__|_|\___/|_| |_|___/     |
[2025-08-19 23:34:10Z INFO Terminal] WRITE LINE: |                                                                              |
[2025-08-19 23:34:10Z INFO Terminal] WRITE: |                       
[2025-08-19 23:34:10Z INFO Terminal] WRITE: Self-hosted runner registration
[2025-08-19 23:34:10Z INFO Terminal] WRITE LINE:                         |
[2025-08-19 23:34:10Z INFO Terminal] WRITE LINE: |                                                                              |
[2025-08-19 23:34:10Z INFO Terminal] WRITE LINE: --------------------------------------------------------------------------------
[2025-08-19 23:34:10Z INFO ConfigurationManager] ConfigureAsync
[2025-08-19 23:34:10Z INFO CommandSettings] Flag 'generateServiceConfig': 'False'
[2025-08-19 23:34:10Z INFO ConfigurationStore] IsConfigured()
[2025-08-19 23:34:10Z INFO ConfigurationStore] IsConfigured: False
[2025-08-19 23:34:10Z INFO ConfigurationManager] Is configured: False
[2025-08-19 23:34:10Z INFO CommandSettings] Arg 'url': ''
[2025-08-19 23:34:10Z INFO CommandSettings] Flag 'unattended': 'False'
[2025-08-19 23:34:10Z INFO PromptManager] ReadValue
[2025-08-19 23:34:10Z INFO Terminal] WRITE: What is the URL of your repository? 
[2025-08-19 23:34:10Z INFO Terminal] READ LINE
[2025-08-19 23:34:47Z INFO Terminal] Read value: 'https://github.com/clementmonello/ProjectCats'
[2025-08-19 23:34:47Z INFO CommandSettings] Arg 'token': ''
[2025-08-19 23:34:47Z INFO CommandSettings] Flag 'unattended': 'False'
[2025-08-19 23:34:47Z INFO PromptManager] ReadValue
[2025-08-19 23:34:47Z INFO Terminal] WRITE: What is your runner register token? 
[2025-08-19 23:34:47Z INFO Terminal] READ SECRET
[2025-08-19 23:34:57Z INFO Terminal] Read value: '***'
[2025-08-19 23:34:57Z ERR  Terminal] WRITE ERROR: Http response code: NotFound from 'POST https://api.github.com/actions/runner-registration' (Request Id: D56D:5A91:160F617:1476E73:68A50A22)
[2025-08-19 23:34:57Z ERR  Terminal] WRITE ERROR: {"message":"Not Found","documentation_url":"https://docs.github.com/rest","status":"404"}
[2025-08-19 23:34:57Z ERR  Runner] System.Net.Http.HttpRequestException: Response status code does not indicate success: 404 (Not Found).
   at System.Net.Http.HttpResponseMessage.EnsureSuccessStatusCode()
   at GitHub.Runner.Listener.Configuration.ConfigurationManager.GetTenantCredential(String githubUrl, String githubToken, String runnerEvent)
   at GitHub.Runner.Listener.Configuration.ConfigurationManager.ConfigureAsync(CommandSettings command)
   at GitHub.Runner.Listener.Runner.ExecuteCommand(CommandSettings command)
[2025-08-19 23:34:57Z ERR  Terminal] WRITE ERROR: Response status code does not indicate success: 404 (Not Found).
[2025-08-19 23:34:57Z INFO Listener] Runner execution has finished with return code 1
