[2025-08-20 00:04:58Z INFO HostContext] No proxy settings were found based on environmental variables (http_proxy/https_proxy/HTTP_PROXY/HTTPS_PROXY)
[2025-08-20 00:04:58Z INFO HostContext] Well known directory 'Bin': 'D:\Documents\Unreal Projects\ProjectCats\actions-runner\bin'
[2025-08-20 00:04:58Z INFO HostContext] Well known directory 'Root': 'D:\Documents\Unreal Projects\ProjectCats\actions-runner'
[2025-08-20 00:04:58Z INFO HostContext] Well known config file 'Credentials': 'D:\Documents\Unreal Projects\ProjectCats\actions-runner\.credentials'
[2025-08-20 00:04:58Z INFO HostContext] Well known directory 'Bin': 'D:\Documents\Unreal Projects\ProjectCats\actions-runner\bin'
[2025-08-20 00:04:58Z INFO HostContext] Well known directory 'Root': 'D:\Documents\Unreal Projects\ProjectCats\actions-runner'
[2025-08-20 00:04:58Z INFO HostContext] Well known config file 'Runner': 'D:\Documents\Unreal Projects\ProjectCats\actions-runner\.runner'
[2025-08-20 00:04:58Z INFO Listener] Runner is built for Windows (X64) - win-x64.
[2025-08-20 00:04:58Z INFO Listener] RuntimeInformation: Microsoft Windows 10.0.19045.
[2025-08-20 00:04:58Z INFO Listener] Version: 2.328.0
[2025-08-20 00:04:58Z INFO Listener] Commit: 6f9a9110adce65f44ca6f7c0ae142b9cc6af937b
[2025-08-20 00:04:58Z INFO Listener] Culture: fr-FR
[2025-08-20 00:04:58Z INFO Listener] UI Culture: fr-FR
[2025-08-20 00:04:58Z INFO HostContext] Well known directory 'Bin': 'D:\Documents\Unreal Projects\ProjectCats\actions-runner\bin'
[2025-08-20 00:04:58Z INFO HostContext] Well known directory 'Root': 'D:\Documents\Unreal Projects\ProjectCats\actions-runner'
[2025-08-20 00:04:58Z INFO Listener] Validating directory permissions for: 'D:\Documents\Unreal Projects\ProjectCats\actions-runner'
[2025-08-20 00:04:58Z INFO CommandLineParser] Parse
[2025-08-20 00:04:58Z INFO CommandLineParser] Parsing 1 args
[2025-08-20 00:04:58Z INFO CommandLineParser] parsing argument
[2025-08-20 00:04:58Z INFO CommandLineParser] HasArgs: False
[2025-08-20 00:04:58Z INFO CommandLineParser] Adding Command: run
[2025-08-20 00:04:58Z INFO Listener] Arguments parsed
[2025-08-20 00:04:58Z INFO Runner] ExecuteCommand
[2025-08-20 00:04:58Z INFO ConfigurationStore] currentAssemblyLocation: D:\Documents\Unreal Projects\ProjectCats\actions-runner\bin\Runner.Listener.dll
[2025-08-20 00:04:58Z INFO HostContext] Well known directory 'Bin': 'D:\Documents\Unreal Projects\ProjectCats\actions-runner\bin'
[2025-08-20 00:04:58Z INFO ConfigurationStore] binPath: D:\Documents\Unreal Projects\ProjectCats\actions-runner\bin
[2025-08-20 00:04:58Z INFO HostContext] Well known directory 'Bin': 'D:\Documents\Unreal Projects\ProjectCats\actions-runner\bin'
[2025-08-20 00:04:58Z INFO HostContext] Well known directory 'Root': 'D:\Documents\Unreal Projects\ProjectCats\actions-runner'
[2025-08-20 00:04:58Z INFO ConfigurationStore] RootFolder: D:\Documents\Unreal Projects\ProjectCats\actions-runner
[2025-08-20 00:04:58Z INFO HostContext] Well known directory 'Bin': 'D:\Documents\Unreal Projects\ProjectCats\actions-runner\bin'
[2025-08-20 00:04:58Z INFO HostContext] Well known directory 'Root': 'D:\Documents\Unreal Projects\ProjectCats\actions-runner'
[2025-08-20 00:04:58Z INFO HostContext] Well known config file 'Runner': 'D:\Documents\Unreal Projects\ProjectCats\actions-runner\.runner'
[2025-08-20 00:04:58Z INFO ConfigurationStore] ConfigFilePath: D:\Documents\Unreal Projects\ProjectCats\actions-runner\.runner
[2025-08-20 00:04:58Z INFO HostContext] Well known directory 'Bin': 'D:\Documents\Unreal Projects\ProjectCats\actions-runner\bin'
[2025-08-20 00:04:58Z INFO HostContext] Well known directory 'Root': 'D:\Documents\Unreal Projects\ProjectCats\actions-runner'
[2025-08-20 00:04:58Z INFO HostContext] Well known config file 'MigratedRunner': 'D:\Documents\Unreal Projects\ProjectCats\actions-runner\.runner_migrated'
[2025-08-20 00:04:58Z INFO ConfigurationStore] MigratedConfigFilePath: D:\Documents\Unreal Projects\ProjectCats\actions-runner\.runner_migrated
[2025-08-20 00:04:58Z INFO HostContext] Well known directory 'Bin': 'D:\Documents\Unreal Projects\ProjectCats\actions-runner\bin'
[2025-08-20 00:04:58Z INFO HostContext] Well known directory 'Root': 'D:\Documents\Unreal Projects\ProjectCats\actions-runner'
[2025-08-20 00:04:58Z INFO HostContext] Well known config file 'Credentials': 'D:\Documents\Unreal Projects\ProjectCats\actions-runner\.credentials'
[2025-08-20 00:04:58Z INFO ConfigurationStore] CredFilePath: D:\Documents\Unreal Projects\ProjectCats\actions-runner\.credentials
[2025-08-20 00:04:58Z INFO HostContext] Well known directory 'Bin': 'D:\Documents\Unreal Projects\ProjectCats\actions-runner\bin'
[2025-08-20 00:04:58Z INFO HostContext] Well known directory 'Root': 'D:\Documents\Unreal Projects\ProjectCats\actions-runner'
[2025-08-20 00:04:58Z INFO HostContext] Well known config file 'MigratedCredentials': 'D:\Documents\Unreal Projects\ProjectCats\actions-runner\.credentials_migrated'
[2025-08-20 00:04:58Z INFO ConfigurationStore] MigratedCredFilePath: D:\Documents\Unreal Projects\ProjectCats\actions-runner\.credentials_migrated
[2025-08-20 00:04:58Z INFO HostContext] Well known directory 'Bin': 'D:\Documents\Unreal Projects\ProjectCats\actions-runner\bin'
[2025-08-20 00:04:58Z INFO HostContext] Well known directory 'Root': 'D:\Documents\Unreal Projects\ProjectCats\actions-runner'
[2025-08-20 00:04:58Z INFO HostContext] Well known config file 'Service': 'D:\Documents\Unreal Projects\ProjectCats\actions-runner\.service'
[2025-08-20 00:04:58Z INFO ConfigurationStore] ServiceConfigFilePath: D:\Documents\Unreal Projects\ProjectCats\actions-runner\.service
[2025-08-20 00:04:58Z INFO CommandSettings] Flag 'help': 'False'
[2025-08-20 00:04:58Z INFO CommandSettings] Flag 'version': 'False'
[2025-08-20 00:04:58Z INFO CommandSettings] Flag 'commit': 'False'
[2025-08-20 00:04:58Z INFO CommandSettings] Flag 'check': 'False'
[2025-08-20 00:04:58Z INFO CommandSettings] Command 'configure': 'False'
[2025-08-20 00:04:58Z INFO CommandSettings] Command 'remove': 'False'
[2025-08-20 00:04:58Z INFO CommandSettings] Command 'warmup': 'False'
[2025-08-20 00:04:58Z INFO ConfigurationManager] LoadSettings
[2025-08-20 00:04:58Z INFO ConfigurationStore] IsConfigured()
[2025-08-20 00:04:58Z INFO ConfigurationStore] IsConfigured: True
[2025-08-20 00:04:58Z INFO ConfigurationManager] Is configured: True
[2025-08-20 00:04:58Z INFO ConfigurationStore] Read setting file: 394 chars
[2025-08-20 00:04:58Z INFO ConfigurationManager] Settings Loaded
[2025-08-20 00:04:58Z INFO ConfigurationStore] IsServiceConfigured()
[2025-08-20 00:04:58Z INFO ConfigurationStore] IsServiceConfigured: False
[2025-08-20 00:04:58Z INFO CommandSettings] Command 'run': 'True'
[2025-08-20 00:04:58Z INFO ConfigurationStore] IsConfigured()
[2025-08-20 00:04:58Z INFO ConfigurationStore] IsConfigured: True
[2025-08-20 00:04:58Z INFO ConfigurationManager] Is configured: True
[2025-08-20 00:04:58Z INFO Runner] Could not parse the argument value '' for StartupType. Defaulting to Manual
[2025-08-20 00:04:58Z INFO Runner] Set runner startup type - Manual
[2025-08-20 00:04:58Z INFO CommandSettings] Flag 'once': 'False'
[2025-08-20 00:04:58Z INFO CommandSettings] Flag 'once': 'False'
[2025-08-20 00:04:58Z INFO Runner] RunAsync
[2025-08-20 00:04:58Z INFO ConfigurationManager] LoadMigratedSettings
[2025-08-20 00:04:58Z INFO ConfigurationStore] IsMigratedConfigured()
[2025-08-20 00:04:58Z INFO ConfigurationStore] IsMigratedConfigured: False
[2025-08-20 00:04:58Z INFO Runner] Failed to load migrated settings: No migrated configuration found.
[2025-08-20 00:04:58Z INFO Runner] Falling back to original .runner settings
[2025-08-20 00:04:58Z INFO Runner] Using BrokerMessageListener
[2025-08-20 00:04:58Z INFO BrokerMessageListener] Using provided settings
[2025-08-20 00:04:58Z INFO BrokerMessageListener] {
  "AgentId": 2,
  "AgentName": "DELL",
  "PoolId": 1,
  "PoolName": "Default",
  "ServerUrl": "https://pipelinesghubeus13.actions.githubusercontent.com/1HJgvuW43qApg6MYD7Q7yZoeflheQeLKO5vXO12I9INQMeiZDR/",
  "GitHubUrl": "https://github.com/clementmonello/ProjectCats",
  "WorkFolder": "_work",
  "UseV2Flow": true,
  "ServerUrlV2": "https://broker.actions.githubusercontent.com/"
}
[2025-08-20 00:04:58Z INFO BrokerMessageListener] Loading Credentials
[2025-08-20 00:04:58Z INFO ConfigurationStore] HasCredentials()
[2025-08-20 00:04:58Z INFO ConfigurationStore] stored True
[2025-08-20 00:04:58Z INFO CredentialManager] GetCredentialProvider
[2025-08-20 00:04:58Z INFO CredentialManager] Creating type OAuth
[2025-08-20 00:04:58Z INFO CredentialManager] Creating credential type: OAuth
[2025-08-20 00:04:58Z INFO HostContext] Well known directory 'Bin': 'D:\Documents\Unreal Projects\ProjectCats\actions-runner\bin'
[2025-08-20 00:04:58Z INFO HostContext] Well known directory 'Root': 'D:\Documents\Unreal Projects\ProjectCats\actions-runner'
[2025-08-20 00:04:58Z INFO HostContext] Well known config file 'RSACredentials': 'D:\Documents\Unreal Projects\ProjectCats\actions-runner\.credentials_rsaparams'
[2025-08-20 00:04:58Z INFO RSAEncryptedFileKeyManager] Loading RSA key parameters from file D:\Documents\Unreal Projects\ProjectCats\actions-runner\.credentials_rsaparams
[2025-08-20 00:04:58Z INFO BrokerMessageListener] Attempt to create session.
[2025-08-20 00:04:58Z INFO BrokerMessageListener] Connecting to the Broker Server...
[2025-08-20 00:04:58Z INFO ConfigurationStore] HasCredentials()
[2025-08-20 00:04:58Z INFO ConfigurationStore] stored True
[2025-08-20 00:04:58Z INFO CredentialManager] GetCredentialProvider
[2025-08-20 00:04:58Z INFO CredentialManager] Creating type OAuth
[2025-08-20 00:04:58Z INFO CredentialManager] Creating credential type: OAuth
[2025-08-20 00:04:58Z INFO RSAEncryptedFileKeyManager] Loading RSA key parameters from file D:\Documents\Unreal Projects\ProjectCats\actions-runner\.credentials_rsaparams
[2025-08-20 00:04:58Z INFO BrokerMessageListener] VssConnection created
[2025-08-20 00:04:58Z INFO BrokerMessageListener] Connecting to the Runner server...
[2025-08-20 00:04:58Z INFO RunnerServer] EstablishVssConnection
[2025-08-20 00:04:58Z INFO RunnerServer] Establish connection with 100 seconds timeout.
[2025-08-20 00:04:58Z INFO GitHubActionsService] Starting operation Location.GetConnectionData
[2025-08-20 00:04:58Z INFO RunnerServer] EstablishVssConnection
[2025-08-20 00:04:58Z INFO RunnerServer] Establish connection with 60 seconds timeout.
[2025-08-20 00:04:58Z INFO GitHubActionsService] Starting operation Location.GetConnectionData
[2025-08-20 00:04:58Z INFO RunnerServer] EstablishVssConnection
[2025-08-20 00:04:58Z INFO RunnerServer] Establish connection with 60 seconds timeout.
[2025-08-20 00:04:58Z INFO GitHubActionsService] Starting operation Location.GetConnectionData
[2025-08-20 00:04:58Z INFO GitHubActionsService] Finished operation Location.GetConnectionData
[2025-08-20 00:04:58Z INFO GitHubActionsService] Finished operation Location.GetConnectionData
[2025-08-20 00:04:58Z INFO GitHubActionsService] Finished operation Location.GetConnectionData
[2025-08-20 00:04:59Z INFO BrokerMessageListener] VssConnection created
[2025-08-20 00:04:59Z INFO Terminal] WRITE LINE: 
[2025-08-20 00:04:59Z INFO Terminal] WRITE LINE: 
[2025-08-20 00:04:59Z INFO RSAEncryptedFileKeyManager] Loading RSA key parameters from file D:\Documents\Unreal Projects\ProjectCats\actions-runner\.credentials_rsaparams
[2025-08-20 00:04:59Z INFO RSAEncryptedFileKeyManager] Loading RSA key parameters from file D:\Documents\Unreal Projects\ProjectCats\actions-runner\.credentials_rsaparams
[2025-08-20 00:04:59Z INFO GitHubActionsService] AAD Correlation ID for this token request: Unknown
[2025-08-20 00:04:59Z INFO BrokerMessageListener] Session created.
[2025-08-20 00:04:59Z INFO Terminal] WRITE LINE: Current runner version: '2.328.0'
[2025-08-20 00:04:59Z INFO Terminal] WRITE LINE: 2025-08-20 00:04:59Z: Listening for Jobs
[2025-08-20 00:04:59Z INFO JobDispatcher] Set runner/worker IPC timeout to 30 seconds.
[2025-08-20 00:05:01Z INFO ConfigurationStore] HasCredentials()
[2025-08-20 00:05:01Z INFO ConfigurationStore] stored True
[2025-08-20 00:05:01Z INFO CredentialManager] GetCredentialProvider
[2025-08-20 00:05:01Z INFO CredentialManager] Creating type OAuth
[2025-08-20 00:05:01Z INFO CredentialManager] Creating credential type: OAuth
[2025-08-20 00:05:01Z INFO RSAEncryptedFileKeyManager] Loading RSA key parameters from file D:\Documents\Unreal Projects\ProjectCats\actions-runner\.credentials_rsaparams
[2025-08-20 00:05:01Z INFO RSAEncryptedFileKeyManager] Loading RSA key parameters from file D:\Documents\Unreal Projects\ProjectCats\actions-runner\.credentials_rsaparams
[2025-08-20 00:05:01Z INFO RSAEncryptedFileKeyManager] Loading RSA key parameters from file D:\Documents\Unreal Projects\ProjectCats\actions-runner\.credentials_rsaparams
[2025-08-20 00:05:01Z INFO GitHubActionsService] AAD Correlation ID for this token request: Unknown
[2025-08-20 00:05:02Z INFO JobDispatcher] Job request 0 for plan 39c146b5-f44c-460f-8945-dcbdbfb548d5 job 2068c7b3-5df8-5b95-9b7f-32ea20378c64 received.
[2025-08-20 00:05:02Z INFO JobDispatcher] Pull OrchestrationId 39c146b5-f44c-460f-8945-dcbdbfb548d5.build.__default from JWT claims
[2025-08-20 00:05:02Z INFO BrokerMessageListener] Received job status event. JobState: Busy
[2025-08-20 00:05:02Z INFO BrokerMessageListener] _getMessagesTokenSource is already disposed.
[2025-08-20 00:05:02Z INFO Terminal] WRITE LINE: 2025-08-20 00:05:02Z: Running job: Package Unreal Engine Game
[2025-08-20 00:05:02Z INFO JobDispatcher] Start renew job request 0 for job 2068c7b3-5df8-5b95-9b7f-32ea20378c64.
[2025-08-20 00:05:03Z INFO JobDispatcher] Successfully renew job 2068c7b3-5df8-5b95-9b7f-32ea20378c64, job is valid till 20/08/2025 00:15:03
[2025-08-20 00:05:03Z INFO HostContext] Well known directory 'Bin': 'D:\Documents\Unreal Projects\ProjectCats\actions-runner\bin'
[2025-08-20 00:05:03Z INFO ProcessInvokerWrapper] Starting process:
[2025-08-20 00:05:03Z INFO ProcessInvokerWrapper]   File name: 'D:\Documents\Unreal Projects\ProjectCats\actions-runner\bin\Runner.Worker.exe'
[2025-08-20 00:05:03Z INFO ProcessInvokerWrapper]   Arguments: 'spawnclient 2240 2252'
[2025-08-20 00:05:03Z INFO ProcessInvokerWrapper]   Working directory: 'D:\Documents\Unreal Projects\ProjectCats\actions-runner\bin'
[2025-08-20 00:05:03Z INFO ProcessInvokerWrapper]   Require exit code zero: 'False'
[2025-08-20 00:05:03Z INFO ProcessInvokerWrapper]   Encoding web name:  ; code page: ''
[2025-08-20 00:05:03Z INFO ProcessInvokerWrapper]   Force kill process on cancellation: 'True'
[2025-08-20 00:05:03Z INFO ProcessInvokerWrapper]   Redirected STDIN: 'False'
[2025-08-20 00:05:03Z INFO ProcessInvokerWrapper]   Persist current code page: 'False'
[2025-08-20 00:05:03Z INFO ProcessInvokerWrapper]   Keep redirected STDIN open: 'False'
[2025-08-20 00:05:03Z INFO ProcessInvokerWrapper]   High priority process: 'True'
[2025-08-20 00:05:03Z INFO ProcessInvokerWrapper] Process started with process id 20548, waiting for process exit.
[2025-08-20 00:05:03Z INFO JobDispatcher] Send job request message to worker for job 2068c7b3-5df8-5b95-9b7f-32ea20378c64.
[2025-08-20 00:05:03Z INFO ProcessChannel] Sending message of length 19839, with hash 'e725a2d9be10024a9a0ba18d71bdbc7c667b6e9a6ddc2c5d8ad72e06dd3f60a7'
[2025-08-20 00:05:03Z INFO JobNotification] Entering JobStarted Notification
[2025-08-20 00:05:03Z INFO JobNotification] Entering StartMonitor
[2025-08-20 00:06:03Z INFO JobDispatcher] Successfully renew job 2068c7b3-5df8-5b95-9b7f-32ea20378c64, job is valid till 20/08/2025 00:16:03
[2025-08-20 00:07:03Z INFO JobDispatcher] Successfully renew job 2068c7b3-5df8-5b95-9b7f-32ea20378c64, job is valid till 20/08/2025 00:17:03
[2025-08-20 00:08:03Z INFO JobDispatcher] Successfully renew job 2068c7b3-5df8-5b95-9b7f-32ea20378c64, job is valid till 20/08/2025 00:18:04
[2025-08-20 00:09:03Z INFO JobDispatcher] Successfully renew job 2068c7b3-5df8-5b95-9b7f-32ea20378c64, job is valid till 20/08/2025 00:19:04
[2025-08-20 00:10:03Z INFO JobDispatcher] Successfully renew job 2068c7b3-5df8-5b95-9b7f-32ea20378c64, job is valid till 20/08/2025 00:20:04
[2025-08-20 00:11:03Z INFO JobDispatcher] Successfully renew job 2068c7b3-5df8-5b95-9b7f-32ea20378c64, job is valid till 20/08/2025 00:21:04
[2025-08-20 00:12:03Z INFO JobDispatcher] Successfully renew job 2068c7b3-5df8-5b95-9b7f-32ea20378c64, job is valid till 20/08/2025 00:22:04
[2025-08-20 00:13:04Z INFO JobDispatcher] Successfully renew job 2068c7b3-5df8-5b95-9b7f-32ea20378c64, job is valid till 20/08/2025 00:23:04
[2025-08-20 00:14:04Z INFO JobDispatcher] Successfully renew job 2068c7b3-5df8-5b95-9b7f-32ea20378c64, job is valid till 20/08/2025 00:24:04
[2025-08-20 00:15:04Z INFO JobDispatcher] Successfully renew job 2068c7b3-5df8-5b95-9b7f-32ea20378c64, job is valid till 20/08/2025 00:25:04
[2025-08-20 00:16:04Z INFO JobDispatcher] Successfully renew job 2068c7b3-5df8-5b95-9b7f-32ea20378c64, job is valid till 20/08/2025 00:26:04
[2025-08-20 00:17:04Z INFO JobDispatcher] Successfully renew job 2068c7b3-5df8-5b95-9b7f-32ea20378c64, job is valid till 20/08/2025 00:27:05
[2025-08-20 00:18:04Z INFO JobDispatcher] Successfully renew job 2068c7b3-5df8-5b95-9b7f-32ea20378c64, job is valid till 20/08/2025 00:28:05
[2025-08-20 00:19:04Z INFO JobDispatcher] Successfully renew job 2068c7b3-5df8-5b95-9b7f-32ea20378c64, job is valid till 20/08/2025 00:29:05
[2025-08-20 00:20:04Z INFO JobDispatcher] Successfully renew job 2068c7b3-5df8-5b95-9b7f-32ea20378c64, job is valid till 20/08/2025 00:30:05
[2025-08-20 00:21:04Z INFO JobDispatcher] Successfully renew job 2068c7b3-5df8-5b95-9b7f-32ea20378c64, job is valid till 20/08/2025 00:31:05
[2025-08-20 00:22:05Z INFO JobDispatcher] Successfully renew job 2068c7b3-5df8-5b95-9b7f-32ea20378c64, job is valid till 20/08/2025 00:32:05
[2025-08-20 00:23:05Z INFO JobDispatcher] Successfully renew job 2068c7b3-5df8-5b95-9b7f-32ea20378c64, job is valid till 20/08/2025 00:33:05
[2025-08-20 00:24:05Z INFO JobDispatcher] Successfully renew job 2068c7b3-5df8-5b95-9b7f-32ea20378c64, job is valid till 20/08/2025 00:34:05
[2025-08-20 00:25:05Z INFO JobDispatcher] Successfully renew job 2068c7b3-5df8-5b95-9b7f-32ea20378c64, job is valid till 20/08/2025 00:35:06
[2025-08-20 00:26:05Z INFO JobDispatcher] Successfully renew job 2068c7b3-5df8-5b95-9b7f-32ea20378c64, job is valid till 20/08/2025 00:36:06
[2025-08-20 00:27:05Z INFO JobDispatcher] Successfully renew job 2068c7b3-5df8-5b95-9b7f-32ea20378c64, job is valid till 20/08/2025 00:37:06
[2025-08-20 00:28:05Z INFO JobDispatcher] Successfully renew job 2068c7b3-5df8-5b95-9b7f-32ea20378c64, job is valid till 20/08/2025 00:38:06
[2025-08-20 00:29:05Z INFO JobDispatcher] Successfully renew job 2068c7b3-5df8-5b95-9b7f-32ea20378c64, job is valid till 20/08/2025 00:39:06
[2025-08-20 00:30:06Z INFO JobDispatcher] Successfully renew job 2068c7b3-5df8-5b95-9b7f-32ea20378c64, job is valid till 20/08/2025 00:40:06
[2025-08-20 00:31:06Z INFO JobDispatcher] Successfully renew job 2068c7b3-5df8-5b95-9b7f-32ea20378c64, job is valid till 20/08/2025 00:41:06
[2025-08-20 00:32:06Z INFO JobDispatcher] Successfully renew job 2068c7b3-5df8-5b95-9b7f-32ea20378c64, job is valid till 20/08/2025 00:42:06
[2025-08-20 00:33:06Z INFO JobDispatcher] Successfully renew job 2068c7b3-5df8-5b95-9b7f-32ea20378c64, job is valid till 20/08/2025 00:43:07
[2025-08-20 00:34:06Z INFO JobDispatcher] Successfully renew job 2068c7b3-5df8-5b95-9b7f-32ea20378c64, job is valid till 20/08/2025 00:44:07
[2025-08-20 00:35:06Z INFO JobDispatcher] Successfully renew job 2068c7b3-5df8-5b95-9b7f-32ea20378c64, job is valid till 20/08/2025 00:45:07
[2025-08-20 00:35:10Z INFO ProcessInvokerWrapper] STDOUT/STDERR stream read finished.
[2025-08-20 00:35:10Z INFO ProcessInvokerWrapper] STDOUT/STDERR stream read finished.
[2025-08-20 00:35:10Z INFO ProcessInvokerWrapper] Finished process 20548 with exit code 102, and elapsed time 00:30:07.4793978.
[2025-08-20 00:35:10Z INFO JobDispatcher] Worker finished for job 2068c7b3-5df8-5b95-9b7f-32ea20378c64. Code: 102
[2025-08-20 00:35:10Z INFO JobDispatcher] finish job request for job 2068c7b3-5df8-5b95-9b7f-32ea20378c64 with result: Failed
[2025-08-20 00:35:10Z INFO Terminal] WRITE LINE: 2025-08-20 00:35:10Z: Job Package Unreal Engine Game completed with result: Failed
[2025-08-20 00:35:10Z INFO JobDispatcher] Stop renew job request for job 2068c7b3-5df8-5b95-9b7f-32ea20378c64.
[2025-08-20 00:35:10Z INFO JobDispatcher] job renew has been cancelled, stop renew job 2068c7b3-5df8-5b95-9b7f-32ea20378c64.
[2025-08-20 00:35:10Z INFO JobNotification] Entering JobCompleted Notification
[2025-08-20 00:35:10Z INFO JobNotification] Entering EndMonitor
[2025-08-20 00:35:10Z INFO BrokerMessageListener] Received job status event. JobState: Online
[2025-08-20 00:35:10Z WARN GitHubActionsService] GET request to https://broker.actions.githubusercontent.com/message?sessionId=5ef1b6c7-881d-4895-b43a-787c8a8eb6ca&status=Busy&runnerVersion=2.328.0&os=Windows&architecture=X64&disableUpdate=false has been cancelled.
[2025-08-20 00:35:10Z ERR  BrokerServer] Catch exception during request
[2025-08-20 00:35:10Z ERR  BrokerServer] System.Threading.Tasks.TaskCanceledException: The operation was canceled.
 ---> System.Threading.Tasks.TaskCanceledException: The operation was canceled.
 ---> System.IO.IOException: Unable to read data from the transport connection: L’opération d’entrée/sortie a été abandonnée en raison de l’arrêt d’un thread ou à la demande d’une application..
 ---> System.Net.Sockets.SocketException (995): L’opération d’entrée/sortie a été abandonnée en raison de l’arrêt d’un thread ou à la demande d’une application.
   --- End of inner exception stack trace ---
   at System.Net.Sockets.Socket.AwaitableSocketAsyncEventArgs.System.Threading.Tasks.Sources.IValueTaskSource<System.Int32>.GetResult(Int16 token)
   at System.Net.Security.SslStream.EnsureFullTlsFrameAsync[TIOAdapter](CancellationToken cancellationToken, Int32 estimatedSize)
   at System.Runtime.CompilerServices.PoolingAsyncValueTaskMethodBuilder`1.StateMachineBox`1.System.Threading.Tasks.Sources.IValueTaskSource<TResult>.GetResult(Int16 token)
   at System.Net.Security.SslStream.ReadAsyncInternal[TIOAdapter](Memory`1 buffer, CancellationToken cancellationToken)
   at System.Runtime.CompilerServices.PoolingAsyncValueTaskMethodBuilder`1.StateMachineBox`1.System.Threading.Tasks.Sources.IValueTaskSource<TResult>.GetResult(Int16 token)
   at System.Net.Http.HttpConnection.SendAsync(HttpRequestMessage request, Boolean async, CancellationToken cancellationToken)
   --- End of inner exception stack trace ---
   at System.Net.Http.HttpConnection.SendAsync(HttpRequestMessage request, Boolean async, CancellationToken cancellationToken)
   at System.Net.Http.AuthenticationHelper.SendWithNtAuthAsync(HttpRequestMessage request, Uri authUri, Boolean async, ICredentials credentials, Boolean isProxyAuth, HttpConnection connection, HttpConnectionPool connectionPool, CancellationToken cancellationToken)
   at System.Net.Http.HttpConnectionPool.SendWithVersionDetectionAndRetryAsync(HttpRequestMessage request, Boolean async, Boolean doRequestAuth, CancellationToken cancellationToken)
   at System.Net.Http.AuthenticationHelper.SendWithAuthAsync(HttpRequestMessage request, Uri authUri, Boolean async, ICredentials credentials, Boolean preAuthenticate, Boolean isProxyAuth, Boolean doRequestAuth, HttpConnectionPool pool, CancellationToken cancellationToken)
   at System.Net.Http.RedirectHandler.SendAsync(HttpRequestMessage request, Boolean async, CancellationToken cancellationToken)
   at GitHub.Services.Common.RawHttpMessageHandler.SendAsync(HttpRequestMessage request, CancellationToken cancellationToken)
   at GitHub.Services.Common.VssHttpRetryMessageHandler.SendAsync(HttpRequestMessage request, CancellationToken cancellationToken)
   at System.Net.Http.HttpClient.<SendAsync>g__Core|83_0(HttpRequestMessage request, HttpCompletionOption completionOption, CancellationTokenSource cts, Boolean disposeCts, CancellationTokenSource pendingRequestsCts, CancellationToken originalCancellationToken)
   --- End of inner exception stack trace ---
   at System.Net.Http.HttpClient.HandleFailure(Exception e, Boolean telemetryStarted, HttpResponseMessage response, CancellationTokenSource cts, CancellationToken cancellationToken, CancellationTokenSource pendingRequestsCts)
   at System.Net.Http.HttpClient.<SendAsync>g__Core|83_0(HttpRequestMessage request, HttpCompletionOption completionOption, CancellationTokenSource cts, Boolean disposeCts, CancellationTokenSource pendingRequestsCts, CancellationToken originalCancellationToken)
   at Sdk.WebApi.WebApi.RawHttpClientBase.SendAsync(HttpRequestMessage message, HttpCompletionOption completionOption, Object userState, CancellationToken cancellationToken)
   at Sdk.WebApi.WebApi.RawHttpClientBase.SendAsync[T](HttpRequestMessage message, Boolean readErrorBody, Object userState, CancellationToken cancellationToken)
   at Sdk.WebApi.WebApi.RawHttpClientBase.SendAsync[T](HttpMethod method, IEnumerable`1 additionalHeaders, Uri requestUri, HttpContent content, IEnumerable`1 queryParameters, Boolean readErrorBody, Object userState, CancellationToken cancellationToken)
   at GitHub.Actions.RunService.WebApi.BrokerHttpClient.GetRunnerMessageAsync(Nullable`1 sessionId, String runnerVersion, Nullable`1 status, String os, String architecture, Nullable`1 disableUpdate, CancellationToken cancellationToken)
   at GitHub.Runner.Common.BrokerServer.<>c__DisplayClass7_0.<<GetRunnerMessageAsync>b__0>d.MoveNext()
--- End of stack trace from previous location ---
   at GitHub.Runner.Common.RunnerService.RetryRequest[T](Func`1 func, CancellationToken cancellationToken, Int32 maxRetryAttemptsCount, Func`2 shouldRetry)
[2025-08-20 00:35:10Z ERR  BrokerServer] #####################################################
[2025-08-20 00:35:10Z ERR  BrokerServer] System.Threading.Tasks.TaskCanceledException: The operation was canceled.
 ---> System.IO.IOException: Unable to read data from the transport connection: L’opération d’entrée/sortie a été abandonnée en raison de l’arrêt d’un thread ou à la demande d’une application..
 ---> System.Net.Sockets.SocketException (995): L’opération d’entrée/sortie a été abandonnée en raison de l’arrêt d’un thread ou à la demande d’une application.
   --- End of inner exception stack trace ---
   at System.Net.Sockets.Socket.AwaitableSocketAsyncEventArgs.System.Threading.Tasks.Sources.IValueTaskSource<System.Int32>.GetResult(Int16 token)
   at System.Net.Security.SslStream.EnsureFullTlsFrameAsync[TIOAdapter](CancellationToken cancellationToken, Int32 estimatedSize)
   at System.Runtime.CompilerServices.PoolingAsyncValueTaskMethodBuilder`1.StateMachineBox`1.System.Threading.Tasks.Sources.IValueTaskSource<TResult>.GetResult(Int16 token)
   at System.Net.Security.SslStream.ReadAsyncInternal[TIOAdapter](Memory`1 buffer, CancellationToken cancellationToken)
   at System.Runtime.CompilerServices.PoolingAsyncValueTaskMethodBuilder`1.StateMachineBox`1.System.Threading.Tasks.Sources.IValueTaskSource<TResult>.GetResult(Int16 token)
   at System.Net.Http.HttpConnection.SendAsync(HttpRequestMessage request, Boolean async, CancellationToken cancellationToken)
   --- End of inner exception stack trace ---
   at System.Net.Http.HttpConnection.SendAsync(HttpRequestMessage request, Boolean async, CancellationToken cancellationToken)
   at System.Net.Http.AuthenticationHelper.SendWithNtAuthAsync(HttpRequestMessage request, Uri authUri, Boolean async, ICredentials credentials, Boolean isProxyAuth, HttpConnection connection, HttpConnectionPool connectionPool, CancellationToken cancellationToken)
   at System.Net.Http.HttpConnectionPool.SendWithVersionDetectionAndRetryAsync(HttpRequestMessage request, Boolean async, Boolean doRequestAuth, CancellationToken cancellationToken)
   at System.Net.Http.AuthenticationHelper.SendWithAuthAsync(HttpRequestMessage request, Uri authUri, Boolean async, ICredentials credentials, Boolean preAuthenticate, Boolean isProxyAuth, Boolean doRequestAuth, HttpConnectionPool pool, CancellationToken cancellationToken)
   at System.Net.Http.RedirectHandler.SendAsync(HttpRequestMessage request, Boolean async, CancellationToken cancellationToken)
   at GitHub.Services.Common.RawHttpMessageHandler.SendAsync(HttpRequestMessage request, CancellationToken cancellationToken)
   at GitHub.Services.Common.VssHttpRetryMessageHandler.SendAsync(HttpRequestMessage request, CancellationToken cancellationToken)
   at System.Net.Http.HttpClient.<SendAsync>g__Core|83_0(HttpRequestMessage request, HttpCompletionOption completionOption, CancellationTokenSource cts, Boolean disposeCts, CancellationTokenSource pendingRequestsCts, CancellationToken originalCancellationToken)
[2025-08-20 00:35:10Z ERR  BrokerServer] #####################################################
[2025-08-20 00:35:10Z ERR  BrokerServer] System.IO.IOException: Unable to read data from the transport connection: L’opération d’entrée/sortie a été abandonnée en raison de l’arrêt d’un thread ou à la demande d’une application..
 ---> System.Net.Sockets.SocketException (995): L’opération d’entrée/sortie a été abandonnée en raison de l’arrêt d’un thread ou à la demande d’une application.
   --- End of inner exception stack trace ---
   at System.Net.Sockets.Socket.AwaitableSocketAsyncEventArgs.System.Threading.Tasks.Sources.IValueTaskSource<System.Int32>.GetResult(Int16 token)
   at System.Net.Security.SslStream.EnsureFullTlsFrameAsync[TIOAdapter](CancellationToken cancellationToken, Int32 estimatedSize)
   at System.Runtime.CompilerServices.PoolingAsyncValueTaskMethodBuilder`1.StateMachineBox`1.System.Threading.Tasks.Sources.IValueTaskSource<TResult>.GetResult(Int16 token)
   at System.Net.Security.SslStream.ReadAsyncInternal[TIOAdapter](Memory`1 buffer, CancellationToken cancellationToken)
   at System.Runtime.CompilerServices.PoolingAsyncValueTaskMethodBuilder`1.StateMachineBox`1.System.Threading.Tasks.Sources.IValueTaskSource<TResult>.GetResult(Int16 token)
   at System.Net.Http.HttpConnection.SendAsync(HttpRequestMessage request, Boolean async, CancellationToken cancellationToken)
[2025-08-20 00:35:10Z ERR  BrokerServer] #####################################################
[2025-08-20 00:35:10Z ERR  BrokerServer] System.Net.Sockets.SocketException (995): L’opération d’entrée/sortie a été abandonnée en raison de l’arrêt d’un thread ou à la demande d’une application.
[2025-08-20 00:35:10Z WARN BrokerServer] Back off 6,822 seconds before next retry. 4 attempt left.
[2025-08-20 00:35:10Z INFO BrokerMessageListener] Get messages has been cancelled using local token source. Continue to get messages with new status.
